2020-04-13 17:58:06.803  INFO 9168 --- [restartedMain] l.majian.community.CommunityApplication  : Starting CommunityApplication on PC-201911011955 with PID 9168 (G:\Community\target\classes started by Administrator in G:\Community)
2020-04-13 17:58:06.812  INFO 9168 --- [restartedMain] l.majian.community.CommunityApplication  : No active profile set, falling back to default profiles: default
2020-04-13 17:58:06.902  INFO 9168 --- [restartedMain] .e.DevToolsPropertyDefaultsPostProcessor : Devtools property defaults active! Set 'spring.devtools.add-properties' to 'false' to disable
2020-04-13 17:58:06.903  INFO 9168 --- [restartedMain] .e.DevToolsPropertyDefaultsPostProcessor : For additional web related logging consider setting the 'logging.level.web' property to 'DEBUG'
2020-04-13 17:58:09.405  INFO 9168 --- [restartedMain] o.s.b.w.embedded.tomcat.TomcatWebServer  : Tomcat initialized with port(s): 8887 (http)
2020-04-13 17:58:09.414  INFO 9168 --- [restartedMain] o.apache.catalina.core.StandardService   : Starting service [Tomcat]
2020-04-13 17:58:09.415  INFO 9168 --- [restartedMain] org.apache.catalina.core.StandardEngine  : Starting Servlet engine: [Apache Tomcat/9.0.30]
2020-04-13 17:58:09.417  INFO 9168 --- [restartedMain] o.a.catalina.core.AprLifecycleListener   : An older version [1.2.21] of the APR based Apache Tomcat Native library is installed, while Tomcat recommends a minimum version of [1.2.23]
2020-04-13 17:58:09.417  INFO 9168 --- [restartedMain] o.a.catalina.core.AprLifecycleListener   : Loaded APR based Apache Tomcat Native library [1.2.21] using APR version [1.6.5].
2020-04-13 17:58:09.418  INFO 9168 --- [restartedMain] o.a.catalina.core.AprLifecycleListener   : APR capabilities: IPv6 [true], sendfile [true], accept filters [false], random [true].
2020-04-13 17:58:09.418  INFO 9168 --- [restartedMain] o.a.catalina.core.AprLifecycleListener   : APR/OpenSSL configuration: useAprConnector [false], useOpenSSL [true]
2020-04-13 17:58:09.425  INFO 9168 --- [restartedMain] o.a.catalina.core.AprLifecycleListener   : OpenSSL successfully initialized [OpenSSL 1.1.1a  20 Nov 2018]
2020-04-13 17:58:09.508  INFO 9168 --- [restartedMain] o.a.c.c.C.[Tomcat].[localhost].[/]       : Initializing Spring embedded WebApplicationContext
2020-04-13 17:58:09.508  INFO 9168 --- [restartedMain] o.s.web.context.ContextLoader            : Root WebApplicationContext: initialization completed in 2604 ms
2020-04-13 17:58:10.272  INFO 9168 --- [restartedMain] o.s.s.concurrent.ThreadPoolTaskExecutor  : Initializing ExecutorService 'applicationTaskExecutor'
2020-04-13 17:58:10.345  INFO 9168 --- [restartedMain] o.s.b.a.w.s.WelcomePageHandlerMapping    : Adding welcome page template: index
2020-04-13 17:58:10.641  INFO 9168 --- [restartedMain] o.s.b.d.a.OptionalLiveReloadServer       : LiveReload server is running on port 35729
2020-04-13 17:58:10.856  INFO 9168 --- [restartedMain] o.s.b.w.embedded.tomcat.TomcatWebServer  : Tomcat started on port(s): 8887 (http) with context path ''
2020-04-13 17:58:10.863  INFO 9168 --- [restartedMain] l.majian.community.CommunityApplication  : Started CommunityApplication in 4.943 seconds (JVM running for 6.794)
2020-04-13 17:58:27.234  INFO 9168 --- [http-nio-8887-exec-1] o.a.c.c.C.[Tomcat].[localhost].[/]       : Initializing Spring DispatcherServlet 'dispatcherServlet'
2020-04-13 17:58:27.235  INFO 9168 --- [http-nio-8887-exec-1] o.s.web.servlet.DispatcherServlet        : Initializing Servlet 'dispatcherServlet'
2020-04-13 17:58:27.246  INFO 9168 --- [http-nio-8887-exec-1] o.s.web.servlet.DispatcherServlet        : Completed initialization in 10 ms
2020-04-13 17:58:27.346  INFO 9168 --- [http-nio-8887-exec-1] com.zaxxer.hikari.HikariDataSource       : HikariPool-1 - Starting...
2020-04-13 17:58:27.530  INFO 9168 --- [http-nio-8887-exec-1] com.zaxxer.hikari.HikariDataSource       : HikariPool-1 - Start completed.
2020-04-13 17:58:27.588 DEBUG 9168 --- [http-nio-8887-exec-1] l.m.c.m.QuestionExtMapper.countBySearch  : ==>  Preparing: select count(*) from question 
2020-04-13 17:58:27.605 DEBUG 9168 --- [http-nio-8887-exec-1] l.m.c.m.QuestionExtMapper.countBySearch  : ==> Parameters: 
2020-04-13 17:58:27.622 DEBUG 9168 --- [http-nio-8887-exec-1] l.m.c.m.QuestionExtMapper.countBySearch  : <==      Total: 1
2020-04-13 17:58:27.629 DEBUG 9168 --- [http-nio-8887-exec-1] l.m.c.m.Q.selectBySearch                 : ==>  Preparing: select * from question order by gmt_create desc limit ?,? ; 
2020-04-13 17:58:27.630 DEBUG 9168 --- [http-nio-8887-exec-1] l.m.c.m.Q.selectBySearch                 : ==> Parameters: 0(Integer), 5(Integer)
2020-04-13 17:58:27.636 DEBUG 9168 --- [http-nio-8887-exec-1] l.m.c.m.Q.selectBySearch                 : <==      Total: 5
2020-04-13 17:58:27.637 DEBUG 9168 --- [http-nio-8887-exec-1] l.m.c.m.UserMapper.selectByPrimaryKey    : ==>  Preparing: select ID, ACCOUNT_ID, NAME, TOKEN, GMT_CREATE, GMT_MODIFIED, avatar_url from user where ID = ? 
2020-04-13 17:58:27.638 DEBUG 9168 --- [http-nio-8887-exec-1] l.m.c.m.UserMapper.selectByPrimaryKey    : ==> Parameters: 5(Long)
2020-04-13 17:58:27.640 DEBUG 9168 --- [http-nio-8887-exec-1] l.m.c.m.UserMapper.selectByPrimaryKey    : <==      Total: 1
2020-04-13 17:58:27.652 DEBUG 9168 --- [http-nio-8887-exec-1] l.m.c.m.UserMapper.selectByPrimaryKey    : ==>  Preparing: select ID, ACCOUNT_ID, NAME, TOKEN, GMT_CREATE, GMT_MODIFIED, avatar_url from user where ID = ? 
2020-04-13 17:58:27.652 DEBUG 9168 --- [http-nio-8887-exec-1] l.m.c.m.UserMapper.selectByPrimaryKey    : ==> Parameters: 5(Long)
2020-04-13 17:58:27.654 DEBUG 9168 --- [http-nio-8887-exec-1] l.m.c.m.UserMapper.selectByPrimaryKey    : <==      Total: 1
2020-04-13 17:58:27.656 DEBUG 9168 --- [http-nio-8887-exec-1] l.m.c.m.UserMapper.selectByPrimaryKey    : ==>  Preparing: select ID, ACCOUNT_ID, NAME, TOKEN, GMT_CREATE, GMT_MODIFIED, avatar_url from user where ID = ? 
2020-04-13 17:58:27.659 DEBUG 9168 --- [http-nio-8887-exec-1] l.m.c.m.UserMapper.selectByPrimaryKey    : ==> Parameters: 5(Long)
2020-04-13 17:58:27.661 DEBUG 9168 --- [http-nio-8887-exec-1] l.m.c.m.UserMapper.selectByPrimaryKey    : <==      Total: 1
2020-04-13 17:58:27.661 DEBUG 9168 --- [http-nio-8887-exec-1] l.m.c.m.UserMapper.selectByPrimaryKey    : ==>  Preparing: select ID, ACCOUNT_ID, NAME, TOKEN, GMT_CREATE, GMT_MODIFIED, avatar_url from user where ID = ? 
2020-04-13 17:58:27.662 DEBUG 9168 --- [http-nio-8887-exec-1] l.m.c.m.UserMapper.selectByPrimaryKey    : ==> Parameters: 5(Long)
2020-04-13 17:58:27.664 DEBUG 9168 --- [http-nio-8887-exec-1] l.m.c.m.UserMapper.selectByPrimaryKey    : <==      Total: 1
2020-04-13 17:58:27.665 DEBUG 9168 --- [http-nio-8887-exec-1] l.m.c.m.UserMapper.selectByPrimaryKey    : ==>  Preparing: select ID, ACCOUNT_ID, NAME, TOKEN, GMT_CREATE, GMT_MODIFIED, avatar_url from user where ID = ? 
2020-04-13 17:58:27.665 DEBUG 9168 --- [http-nio-8887-exec-1] l.m.c.m.UserMapper.selectByPrimaryKey    : ==> Parameters: 5(Long)
2020-04-13 17:58:27.667 DEBUG 9168 --- [http-nio-8887-exec-1] l.m.c.m.UserMapper.selectByPrimaryKey    : <==      Total: 1
